<?xml version="1.0" encoding="UTF-8"?>
<testng-results ignored="0" total="2" passed="2" failed="0" skipped="0">
  <reporter-output>
  </reporter-output>
  <suite started-at="2024-10-02T00:47:04 EEST" name="Login_Suite" finished-at="2024-10-02T00:47:42 EEST" duration-ms="37683">
    <groups>
    </groups>
    <test started-at="2024-10-02T00:47:04 EEST" name="Login_PositiveTests" finished-at="2024-10-02T00:47:27 EEST" duration-ms="22460">
      <class name="tests.Login_happyScenario">
        <test-method is-config="true" signature="beforeTest()[pri:0, instance:tests.Login_happyScenario@75d4a5c2]" started-at="2024-10-02T00:47:04 EEST" name="beforeTest" finished-at="2024-10-02T00:47:10 EEST" duration-ms="5881" status="PASS">
          <reporter-output>
          </reporter-output>
        </test-method> <!-- beforeTest -->
        <test-method signature="Login_CorrectUsernameAndCorrectPassword()[pri:1, instance:tests.Login_happyScenario@75d4a5c2]" started-at="2024-10-02T00:47:10 EEST" name="Login_CorrectUsernameAndCorrectPassword" finished-at="2024-10-02T00:47:26 EEST" duration-ms="15441" status="PASS">
          <reporter-output>
          </reporter-output>
        </test-method> <!-- Login_CorrectUsernameAndCorrectPassword -->
        <test-method is-config="true" signature="afterTest()[pri:0, instance:tests.Login_happyScenario@75d4a5c2]" started-at="2024-10-02T00:47:26 EEST" name="afterTest" finished-at="2024-10-02T00:47:27 EEST" duration-ms="994" status="PASS">
          <reporter-output>
          </reporter-output>
        </test-method> <!-- afterTest -->
      </class> <!-- tests.Login_happyScenario -->
    </test> <!-- Login_PositiveTests -->
    <test started-at="2024-10-02T00:47:27 EEST" name="Login_NegativeTests" finished-at="2024-10-02T00:47:42 EEST" duration-ms="15070">
      <class name="tests.Login_NegativeScenario">
        <test-method is-config="true" signature="beforeTest()[pri:0, instance:tests.Login_NegativeScenario@4e08711f]" started-at="2024-10-02T00:47:27 EEST" name="beforeTest" finished-at="2024-10-02T00:47:34 EEST" duration-ms="6913" status="PASS">
          <reporter-output>
          </reporter-output>
        </test-method> <!-- beforeTest -->
        <test-method signature="Login_InCorrectUsernameAndPassword()[pri:2, instance:tests.Login_NegativeScenario@4e08711f]" started-at="2024-10-02T00:47:34 EEST" name="Login_InCorrectUsernameAndPassword" finished-at="2024-10-02T00:47:42 EEST" duration-ms="7834" status="PASS">
          <reporter-output>
          </reporter-output>
        </test-method> <!-- Login_InCorrectUsernameAndPassword -->
        <test-method is-config="true" signature="afterTest()[pri:0, instance:tests.Login_NegativeScenario@4e08711f]" started-at="2024-10-02T00:47:42 EEST" name="afterTest" finished-at="2024-10-02T00:47:42 EEST" duration-ms="316" status="PASS">
          <reporter-output>
          </reporter-output>
        </test-method> <!-- afterTest -->
      </class> <!-- tests.Login_NegativeScenario -->
    </test> <!-- Login_NegativeTests -->
  </suite> <!-- Login_Suite -->
</testng-results>
