<?xml version="1.0" encoding="UTF-8"?>
<!-- Generated by org.testng.reporters.JUnitXMLReporter -->
<testsuite ignored="0" hostname="DESKTOP-LSFSGRJ" failures="0" tests="2" name="Register_Tests" time="63.045" errors="0" timestamp="2024-10-02T00:01:09 EEST">
  <testcase classname="tests.Register_HappyScenrio" name="UserRegister_newUsername" time="34.264"/>
  <testcase classname="tests.Register_NegativeScenario" name="UserRegister_existUsername" time="10.264"/>
</testsuite> <!-- Register_Tests -->
