<?xml version="1.0" encoding="UTF-8"?>
<!-- Generated by org.testng.reporters.JUnitXMLReporter -->
<testsuite ignored="0" hostname="DESKTOP-LSFSGRJ" failures="0" tests="2" name="Default test" time="34.3" errors="0" timestamp="2024-10-02T00:43:54 EEST">
  <testcase classname="tests.Login_happyScenario" name="Login_CorrectUsernameAndCorrectPassword" time="16.791"/>
  <testcase classname="tests.Login_happyScenario" name="Login_InCorrectUsernameAndPassword" time="9.062"/>
</testsuite> <!-- Default test -->
